<?xml version="1.0" encoding="UTF-8"?>
<!-- Generated by org.testng.reporters.JUnitXMLReporter -->
<testsuite hostname="DESKTOP-PLQ0LQG" ignored="10" name="Test" tests="9" failures="1" timestamp="05 May 2022 18:20:34 GMT" time="162.443" errors="0">
  <testcase name="RegisterTest" time="16.665" classname="roughtestcases.TC002_MS_RegistrationPageTest"/>
  <testcase name="ChangePasswordTest" time="5.821" classname="roughtestcases.TC003_MS_MyPersonalInfoPageTest"/>
  <testcase name="ReLoginWithChangedPasswordTest" time="1.944" classname="roughtestcases.TC003_MS_MyPersonalInfoPageTest"/>
  <testcase name="AddProductsToCartTest" time="50.243" classname="roughtestcases.TC004_MS_OrderPageTest"/>
  <testcase name="ContactUsPageTest" time="33.59" classname="roughtestcases.TC005_MS_ContactUsPageTest"/>
  <testcase name="CreateAnAccountTest" time="23.312" classname="roughtestcases.TC006_MS_CreateAnAccountFailedTest">
    <failure type="java.lang.AssertionError" message="The following asserts failed:
	expected [An account using this email address has already been registered. Please enter a valid password or request a new one] but found [An account using this email address has already been registered. Please enter a valid password or request a new one.]">
      <![CDATA[java.lang.AssertionError: The following asserts failed:
expected [An account using this email address has already been registered. Please enter a valid password or request a new one] but found [An account using this email address has already been registered. Please enter a valid password or request a new one.]
at roughtestcases.TC006_MS_CreateAnAccountFailedTest.CreateAnAccountTest(TC006_MS_CreateAnAccountFailedTest.java:45)
... Removed 26 stack frames]]>
    </failure>
  </testcase> <!-- CreateAnAccountTest -->
  <testcase name="LandingPageTitleTest" time="7.613" classname="roughtestcases.TC001_MS_LandingPageTest"/>
  <testcase name="CartTextTest" time="0.336" classname="roughtestcases.TC001_MS_LandingPageTest"/>
  <testcase name="FollowUsLinksTest" time="19.994" classname="roughtestcases.TC001_MS_LandingPageTest"/>
  <testcase name="@AfterSuite tearDown" time="0.0" classname="base.BaseClass">
    <ignored/>
  </testcase> <!-- @AfterSuite tearDown -->
  <testcase name="@AfterSuite tearDown" time="0.0" classname="base.BaseClass">
    <ignored/>
  </testcase> <!-- @AfterSuite tearDown -->
  <testcase name="@AfterSuite tearDown" time="0.0" classname="base.BaseClass">
    <ignored/>
  </testcase> <!-- @AfterSuite tearDown -->
  <testcase name="@AfterSuite tearDown" time="0.0" classname="base.BaseClass">
    <ignored/>
  </testcase> <!-- @AfterSuite tearDown -->
  <testcase name="@AfterSuite tearDown" time="0.0" classname="base.BaseClass">
    <ignored/>
  </testcase> <!-- @AfterSuite tearDown -->
  <testcase name="@BeforeSuite init" time="0.0" classname="base.BaseClass">
    <ignored/>
  </testcase> <!-- @BeforeSuite init -->
  <testcase name="@BeforeSuite init" time="0.0" classname="base.BaseClass">
    <ignored/>
  </testcase> <!-- @BeforeSuite init -->
  <testcase name="@BeforeSuite init" time="0.0" classname="base.BaseClass">
    <ignored/>
  </testcase> <!-- @BeforeSuite init -->
  <testcase name="@BeforeSuite init" time="0.0" classname="base.BaseClass">
    <ignored/>
  </testcase> <!-- @BeforeSuite init -->
  <testcase name="@BeforeSuite init" time="0.0" classname="base.BaseClass">
    <ignored/>
  </testcase> <!-- @BeforeSuite init -->
</testsuite> <!-- Test -->
